<?xml version="1.0" encoding="utf-8"?><testsuites name="pytest tests"><testsuite name="pytest" errors="0" failures="0" skipped="0" tests="14" time="0.924" timestamp="2026-01-01T15:56:24.310105+00:00" hostname="agent-env-adc2ff9b-9bcc-43e7-ab12-0b32b7ba2fa4"><testcase classname="tests.test_sounddrops_api.TestHealthAndPublicEndpoints" name="test_api_health_check" time="0.069" /><testcase classname="tests.test_sounddrops_api.TestHealthAndPublicEndpoints" name="test_list_samples_empty" time="0.035" /><testcase classname="tests.test_sounddrops_api.TestHealthAndPublicEndpoints" name="test_list_samples_with_filters" time="0.174" /><testcase classname="tests.test_sounddrops_api.TestHealthAndPublicEndpoints" name="test_get_nonexistent_sample" time="0.076" /><testcase classname="tests.test_sounddrops_api.TestAuthEndpoints" name="test_auth_me_without_token" time="0.034" /><testcase classname="tests.test_sounddrops_api.TestAuthEndpoints" name="test_auth_logout_without_token" time="0.034" /><testcase classname="tests.test_sounddrops_api.TestProtectedEndpoints" name="test_favorites_without_auth" time="0.073" /><testcase classname="tests.test_sounddrops_api.TestProtectedEndpoints" name="test_collections_without_auth" time="0.039" /><testcase classname="tests.test_sounddrops_api.TestProtectedEndpoints" name="test_creator_packs_without_auth" time="0.033" /><testcase classname="tests.test_sounddrops_api.TestProtectedEndpoints" name="test_admin_stats_without_auth" time="0.031" /><testcase classname="tests.test_sounddrops_api.TestProtectedEndpoints" name="test_admin_users_without_auth" time="0.032" /><testcase classname="tests.test_sounddrops_api.TestProtectedEndpoints" name="test_admin_packs_without_auth" time="0.074" /><testcase classname="tests.test_sounddrops_api.TestSubscriptionEndpoints" name="test_subscription_status_without_auth" time="0.033" /><testcase classname="tests.test_sounddrops_api.TestObjectIdSerialization" name="test_samples_no_objectid_error" time="0.078" /></testsuite></testsuites>